<?xml version="1.0" encoding="UTF-8"?>
<testsuite name="es.santalucia.api.ApiApplicationTests" tests="1" skipped="0" failures="0" errors="0" timestamp="2019-01-22T18:49:29" hostname="MacBook-Air-77.home" time="0.122">
  <properties/>
  <testcase name="contextLoads" classname="es.santalucia.api.ApiApplicationTests" time="0.122"/>
  <system-out><![CDATA[19:49:12.472 [Test worker] DEBUG org.springframework.test.context.junit4.SpringJUnit4ClassRunner - SpringJUnit4ClassRunner constructor called with [class es.santalucia.api.ApiApplicationTests]
19:49:12.502 [Test worker] DEBUG org.springframework.test.context.BootstrapUtils - Instantiating CacheAwareContextLoaderDelegate from class [org.springframework.test.context.cache.DefaultCacheAwareContextLoaderDelegate]
19:49:12.513 [Test worker] DEBUG org.springframework.test.context.BootstrapUtils - Instantiating BootstrapContext using constructor [public org.springframework.test.context.support.DefaultBootstrapContext(java.lang.Class,org.springframework.test.context.CacheAwareContextLoaderDelegate)]
19:49:12.536 [Test worker] DEBUG org.springframework.test.context.BootstrapUtils - Instantiating TestContextBootstrapper for test class [es.santalucia.api.ApiApplicationTests] from class [org.springframework.boot.test.context.SpringBootTestContextBootstrapper]
19:49:12.550 [Test worker] INFO org.springframework.boot.test.context.SpringBootTestContextBootstrapper - Neither @ContextConfiguration nor @ContextHierarchy found for test class [es.santalucia.api.ApiApplicationTests], using SpringBootContextLoader
19:49:12.553 [Test worker] DEBUG org.springframework.test.context.support.AbstractContextLoader - Did not detect default resource location for test class [es.santalucia.api.ApiApplicationTests]: class path resource [es/santalucia/api/ApiApplicationTests-context.xml] does not exist
19:49:12.553 [Test worker] DEBUG org.springframework.test.context.support.AbstractContextLoader - Did not detect default resource location for test class [es.santalucia.api.ApiApplicationTests]: class path resource [es/santalucia/api/ApiApplicationTestsContext.groovy] does not exist
19:49:12.554 [Test worker] INFO org.springframework.test.context.support.AbstractContextLoader - Could not detect default resource locations for test class [es.santalucia.api.ApiApplicationTests]: no resource found for suffixes {-context.xml, Context.groovy}.
19:49:12.555 [Test worker] INFO org.springframework.test.context.support.AnnotationConfigContextLoaderUtils - Could not detect default configuration classes for test class [es.santalucia.api.ApiApplicationTests]: ApiApplicationTests does not declare any static, non-private, non-final, nested classes annotated with @Configuration.
19:49:12.611 [Test worker] DEBUG org.springframework.test.context.support.ActiveProfilesUtils - Could not find an 'annotation declaring class' for annotation type [org.springframework.test.context.ActiveProfiles] and class [es.santalucia.api.ApiApplicationTests]
19:49:12.700 [Test worker] DEBUG org.springframework.context.annotation.ClassPathScanningCandidateComponentProvider - Identified candidate component class: file [/Users/admin/repos/afkar/santalucia-be/build/classes/java/main/es/santalucia/api/ApiApplication.class]
19:49:12.702 [Test worker] INFO org.springframework.boot.test.context.SpringBootTestContextBootstrapper - Found @SpringBootConfiguration es.santalucia.api.ApiApplication for test class es.santalucia.api.ApiApplicationTests
19:49:12.843 [Test worker] DEBUG org.springframework.boot.test.context.SpringBootTestContextBootstrapper - @TestExecutionListeners is not present for class [es.santalucia.api.ApiApplicationTests]: using defaults.
19:49:12.844 [Test worker] INFO org.springframework.boot.test.context.SpringBootTestContextBootstrapper - Loaded default TestExecutionListener class names from location [META-INF/spring.factories]: [org.springframework.boot.test.autoconfigure.restdocs.RestDocsTestExecutionListener, org.springframework.boot.test.autoconfigure.web.client.MockRestServiceServerResetTestExecutionListener, org.springframework.boot.test.autoconfigure.web.servlet.MockMvcPrintOnlyOnFailureTestExecutionListener, org.springframework.boot.test.autoconfigure.web.servlet.WebDriverTestExecutionListener, org.springframework.boot.test.mock.mockito.MockitoTestExecutionListener, org.springframework.boot.test.mock.mockito.ResetMocksTestExecutionListener, org.springframework.test.context.web.ServletTestExecutionListener, org.springframework.test.context.support.DirtiesContextBeforeModesTestExecutionListener, org.springframework.test.context.support.DependencyInjectionTestExecutionListener, org.springframework.test.context.support.DirtiesContextTestExecutionListener, org.springframework.test.context.transaction.TransactionalTestExecutionListener, org.springframework.test.context.jdbc.SqlScriptsTestExecutionListener]
19:49:12.868 [Test worker] INFO org.springframework.boot.test.context.SpringBootTestContextBootstrapper - Using TestExecutionListeners: [org.springframework.test.context.web.ServletTestExecutionListener@36c1c8f6, org.springframework.test.context.support.DirtiesContextBeforeModesTestExecutionListener@7b85dbd2, org.springframework.boot.test.mock.mockito.MockitoTestExecutionListener@7558ff04, org.springframework.boot.test.autoconfigure.SpringBootDependencyInjectionTestExecutionListener@1624aa7d, org.springframework.test.context.support.DirtiesContextTestExecutionListener@2e1a5637, org.springframework.test.context.transaction.TransactionalTestExecutionListener@7b94536d, org.springframework.test.context.jdbc.SqlScriptsTestExecutionListener@490623c4, org.springframework.boot.test.autoconfigure.restdocs.RestDocsTestExecutionListener@7a421fdb, org.springframework.boot.test.autoconfigure.web.client.MockRestServiceServerResetTestExecutionListener@695554a, org.springframework.boot.test.autoconfigure.web.servlet.MockMvcPrintOnlyOnFailureTestExecutionListener@5f4361ce, org.springframework.boot.test.autoconfigure.web.servlet.WebDriverTestExecutionListener@272361e1, org.springframework.boot.test.mock.mockito.ResetMocksTestExecutionListener@4df50e19]
19:49:12.874 [Test worker] DEBUG org.springframework.test.annotation.ProfileValueUtils - Retrieved @ProfileValueSourceConfiguration [null] for test class [es.santalucia.api.ApiApplicationTests]
19:49:12.875 [Test worker] DEBUG org.springframework.test.annotation.ProfileValueUtils - Retrieved ProfileValueSource type [class org.springframework.test.annotation.SystemProfileValueSource] for class [es.santalucia.api.ApiApplicationTests]
19:49:12.877 [Test worker] DEBUG org.springframework.test.annotation.ProfileValueUtils - Retrieved @ProfileValueSourceConfiguration [null] for test class [es.santalucia.api.ApiApplicationTests]
19:49:12.877 [Test worker] DEBUG org.springframework.test.annotation.ProfileValueUtils - Retrieved ProfileValueSource type [class org.springframework.test.annotation.SystemProfileValueSource] for class [es.santalucia.api.ApiApplicationTests]
19:49:12.882 [Test worker] DEBUG org.springframework.test.context.support.AbstractDirtiesContextTestExecutionListener - Before test class: context [DefaultTestContext@47a84298 testClass = ApiApplicationTests, testInstance = [null], testMethod = [null], testException = [null], mergedContextConfiguration = [WebMergedContextConfiguration@c6a7c48 testClass = ApiApplicationTests, locations = '{}', classes = '{class es.santalucia.api.ApiApplication}', contextInitializerClasses = '[]', activeProfiles = '{}', propertySourceLocations = '{}', propertySourceProperties = '{org.springframework.boot.test.context.SpringBootTestContextBootstrapper=true}', contextCustomizers = set[org.springframework.boot.test.autoconfigure.properties.PropertyMappingContextCustomizer@0, org.springframework.boot.test.autoconfigure.web.servlet.WebDriverContextCustomizerFactory$Customizer@1e6478df, org.springframework.boot.test.context.filter.ExcludeFilterContextCustomizer@59f66462, org.springframework.boot.test.json.DuplicateJsonObjectContextCustomizerFactory$DuplicateJsonObjectContextCustomizer@70e575, org.springframework.boot.test.mock.mockito.MockitoContextCustomizer@0, org.springframework.boot.test.web.client.TestRestTemplateContextCustomizer@144c3bf, org.springframework.boot.test.web.reactive.server.WebTestClientContextCustomizer@3330adba], resourceBasePath = 'src/main/webapp', contextLoader = 'org.springframework.boot.test.context.SpringBootContextLoader', parent = [null]], attributes = map['org.springframework.test.context.web.ServletTestExecutionListener.activateListener' -> true]], class annotated with @DirtiesContext [false] with mode [null].
19:49:12.883 [Test worker] DEBUG org.springframework.test.annotation.ProfileValueUtils - Retrieved @ProfileValueSourceConfiguration [null] for test class [es.santalucia.api.ApiApplicationTests]
19:49:12.883 [Test worker] DEBUG org.springframework.test.annotation.ProfileValueUtils - Retrieved ProfileValueSource type [class org.springframework.test.annotation.SystemProfileValueSource] for class [es.santalucia.api.ApiApplicationTests]
19:49:12.906 [Test worker] DEBUG org.springframework.test.context.support.TestPropertySourceUtils - Adding inlined properties to environment: {spring.jmx.enabled=false, org.springframework.boot.test.context.SpringBootTestContextBootstrapper=true, server.port=-1}

  .   ____          _            __ _ _
 /\\ / ___'_ __ _ _(_)_ __  __ _ \ \ \ \
( ( )\___ | '_ | '_| | '_ \/ _` | \ \ \ \
 \\/  ___)| |_)| | | | | || (_| |  ) ) ) )
  '  |____| .__|_| |_|_| |_\__, | / / / /
 =========|_|==============|___/=/_/_/_/
 :: Spring Boot ::        (v2.1.2.RELEASE)

2019-01-22 19:49:13.488  INFO 22134 --- [    Test worker] es.santalucia.api.ApiApplicationTests    : Starting ApiApplicationTests on MacBook-Air-77.home with PID 22134 (started by admin in /Users/admin/repos/afkar/santalucia-be)
2019-01-22 19:49:13.495  INFO 22134 --- [    Test worker] es.santalucia.api.ApiApplicationTests    : No active profile set, falling back to default profiles: default
2019-01-22 19:49:15.717  INFO 22134 --- [    Test worker] .s.d.r.c.RepositoryConfigurationDelegate : Multiple Spring Data modules found, entering strict repository configuration mode!
2019-01-22 19:49:15.720  INFO 22134 --- [    Test worker] .s.d.r.c.RepositoryConfigurationDelegate : Bootstrapping Spring Data repositories in DEFAULT mode.
2019-01-22 19:49:16.026  INFO 22134 --- [    Test worker] .s.d.r.c.RepositoryConfigurationDelegate : Finished Spring Data repository scanning in 290ms. Found 3 repository interfaces.
2019-01-22 19:49:16.034  INFO 22134 --- [    Test worker] .s.d.r.c.RepositoryConfigurationDelegate : Multiple Spring Data modules found, entering strict repository configuration mode!
2019-01-22 19:49:16.034  INFO 22134 --- [    Test worker] .s.d.r.c.RepositoryConfigurationDelegate : Bootstrapping Spring Data repositories in DEFAULT mode.
2019-01-22 19:49:16.042  INFO 22134 --- [    Test worker] .RepositoryConfigurationExtensionSupport : Spring Data Reactive MongoDB - Could not safely identify store assignment for repository candidate interface es.santalucia.api.repository.ElementRepository.
2019-01-22 19:49:16.043  INFO 22134 --- [    Test worker] .RepositoryConfigurationExtensionSupport : Spring Data Reactive MongoDB - Could not safely identify store assignment for repository candidate interface es.santalucia.api.repository.PageRepository.
2019-01-22 19:49:16.044  INFO 22134 --- [    Test worker] .RepositoryConfigurationExtensionSupport : Spring Data Reactive MongoDB - Could not safely identify store assignment for repository candidate interface es.santalucia.api.repository.UserRepository.
2019-01-22 19:49:16.045  INFO 22134 --- [    Test worker] .s.d.r.c.RepositoryConfigurationDelegate : Finished Spring Data repository scanning in 10ms. Found 0 repository interfaces.
2019-01-22 19:49:16.052  INFO 22134 --- [    Test worker] .s.d.r.c.RepositoryConfigurationDelegate : Multiple Spring Data modules found, entering strict repository configuration mode!
2019-01-22 19:49:16.053  INFO 22134 --- [    Test worker] .s.d.r.c.RepositoryConfigurationDelegate : Bootstrapping Spring Data repositories in DEFAULT mode.
2019-01-22 19:49:16.063  INFO 22134 --- [    Test worker] .RepositoryConfigurationExtensionSupport : Spring Data MongoDB - Could not safely identify store assignment for repository candidate interface es.santalucia.api.repository.ElementRepository.
2019-01-22 19:49:16.065  INFO 22134 --- [    Test worker] .RepositoryConfigurationExtensionSupport : Spring Data MongoDB - Could not safely identify store assignment for repository candidate interface es.santalucia.api.repository.PageRepository.
2019-01-22 19:49:16.066  INFO 22134 --- [    Test worker] .RepositoryConfigurationExtensionSupport : Spring Data MongoDB - Could not safely identify store assignment for repository candidate interface es.santalucia.api.repository.UserRepository.
2019-01-22 19:49:16.067  INFO 22134 --- [    Test worker] .s.d.r.c.RepositoryConfigurationDelegate : Finished Spring Data repository scanning in 13ms. Found 0 repository interfaces.
2019-01-22 19:49:17.108  INFO 22134 --- [    Test worker] trationDelegate$BeanPostProcessorChecker : Bean 'org.springframework.transaction.annotation.ProxyTransactionManagementConfiguration' of type [org.springframework.transaction.annotation.ProxyTransactionManagementConfiguration$$EnhancerBySpringCGLIB$$c4d34f1a] is not eligible for getting processed by all BeanPostProcessors (for example: not eligible for auto-proxying)
2019-01-22 19:49:17.186  INFO 22134 --- [    Test worker] trationDelegate$BeanPostProcessorChecker : Bean 'org.springframework.hateoas.config.HateoasConfiguration' of type [org.springframework.hateoas.config.HateoasConfiguration$$EnhancerBySpringCGLIB$$44539c4c] is not eligible for getting processed by all BeanPostProcessors (for example: not eligible for auto-proxying)
2019-01-22 19:49:17.517  INFO 22134 --- [    Test worker] com.zaxxer.hikari.HikariDataSource       : HikariPool-1 - Starting...
2019-01-22 19:49:17.778  INFO 22134 --- [    Test worker] com.zaxxer.hikari.HikariDataSource       : HikariPool-1 - Start completed.
2019-01-22 19:49:17.926  INFO 22134 --- [    Test worker] o.hibernate.jpa.internal.util.LogHelper  : HHH000204: Processing PersistenceUnitInfo [
	name: default
	...]
2019-01-22 19:49:18.004  INFO 22134 --- [    Test worker] org.hibernate.Version                    : HHH000412: Hibernate Core {5.3.7.Final}
2019-01-22 19:49:18.009  INFO 22134 --- [    Test worker] org.hibernate.cfg.Environment            : HHH000206: hibernate.properties not found
2019-01-22 19:49:18.262  INFO 22134 --- [    Test worker] o.hibernate.annotations.common.Version   : HCANN000001: Hibernate Commons Annotations {5.0.4.Final}
2019-01-22 19:49:18.443  INFO 22134 --- [    Test worker] org.hibernate.dialect.Dialect            : HHH000400: Using dialect: org.hibernate.dialect.MySQL5Dialect
2019-01-22 19:49:19.201 DEBUG 22134 --- [    Test worker] org.hibernate.SQL                        : 
    
    drop table if exists elements
2019-01-22 19:49:19.225 DEBUG 22134 --- [    Test worker] org.hibernate.SQL                        : 
    
    drop table if exists hibernate_sequence
2019-01-22 19:49:19.226 DEBUG 22134 --- [    Test worker] org.hibernate.SQL                        : 
    
    drop table if exists pages
2019-01-22 19:49:19.227 DEBUG 22134 --- [    Test worker] org.hibernate.SQL                        : 
    
    drop table if exists users
2019-01-22 19:49:19.231 DEBUG 22134 --- [    Test worker] org.hibernate.SQL                        : 
    
    create table elements (
       id integer not null,
        attribute_name varchar(255),
        element_id integer,
        page_id integer,
        value varchar(255),
        primary key (id)
    ) engine=MyISAM
2019-01-22 19:49:19.315 DEBUG 22134 --- [    Test worker] org.hibernate.SQL                        : 
    
    create table hibernate_sequence (
       next_val bigint
    ) engine=MyISAM
2019-01-22 19:49:19.412 DEBUG 22134 --- [    Test worker] org.hibernate.SQL                        : 
    
    insert into hibernate_sequence values ( 1 )
2019-01-22 19:49:19.414 DEBUG 22134 --- [    Test worker] org.hibernate.SQL                        : 
    
    insert into hibernate_sequence values ( 1 )
2019-01-22 19:49:19.415 DEBUG 22134 --- [    Test worker] org.hibernate.SQL                        : 
    
    insert into hibernate_sequence values ( 1 )
2019-01-22 19:49:19.417 DEBUG 22134 --- [    Test worker] org.hibernate.SQL                        : 
    
    create table pages (
       id integer not null,
        page_id integer,
        primary key (id)
    ) engine=MyISAM
2019-01-22 19:49:19.448 DEBUG 22134 --- [    Test worker] org.hibernate.SQL                        : 
    
    create table users (
       id integer not null,
        email varchar(255),
        hash varchar(255),
        username varchar(255),
        primary key (id)
    ) engine=MyISAM
2019-01-22 19:49:19.460  INFO 22134 --- [    Test worker] o.h.t.schema.internal.SchemaCreatorImpl  : HHH000476: Executing import script 'org.hibernate.tool.schema.internal.exec.ScriptSourceInputNonExistentImpl@5070c9fa'
2019-01-22 19:49:19.464  INFO 22134 --- [    Test worker] j.LocalContainerEntityManagerFactoryBean : Initialized JPA EntityManagerFactory for persistence unit 'default'
2019-01-22 19:49:21.995  INFO 22134 --- [    Test worker] o.s.s.concurrent.ThreadPoolTaskExecutor  : Initializing ExecutorService 'applicationTaskExecutor'
2019-01-22 19:49:24.429  INFO 22134 --- [       Thread-9] o.s.b.a.mongo.embedded.EmbeddedMongo     : note: noprealloc may hurt performance in many applications
2019-01-22 19:49:24.442  INFO 22134 --- [       Thread-9] o.s.b.a.mongo.embedded.EmbeddedMongo     : 2019-01-22T19:49:24.441+0100 I CONTROL  [initandlisten] MongoDB starting : pid=22150 port=56611 dbpath=/var/folders/51/bfgrc3857cz1czsv73r849fh0000gn/T/embedmongo-db-5489ff6a-a8c1-404d-976b-e0ed0e788ce2 64-bit host=MacBook-Air-77.home
2019-01-22 19:49:24.442  INFO 22134 --- [       Thread-9] o.s.b.a.mongo.embedded.EmbeddedMongo     : 2019-01-22T19:49:24.442+0100 I CONTROL  [initandlisten] db version v3.5.5
2019-01-22 19:49:24.442  INFO 22134 --- [       Thread-9] o.s.b.a.mongo.embedded.EmbeddedMongo     : 2019-01-22T19:49:24.442+0100 I CONTROL  [initandlisten] git version: 98515c812b6fa893613f063dae568ff8319cbfbd
2019-01-22 19:49:24.443  INFO 22134 --- [       Thread-9] o.s.b.a.mongo.embedded.EmbeddedMongo     : 2019-01-22T19:49:24.442+0100 I CONTROL  [initandlisten] allocator: system
2019-01-22 19:49:24.443  INFO 22134 --- [       Thread-9] o.s.b.a.mongo.embedded.EmbeddedMongo     : 2019-01-22T19:49:24.442+0100 I CONTROL  [initandlisten] modules: none
2019-01-22 19:49:24.443  INFO 22134 --- [       Thread-9] o.s.b.a.mongo.embedded.EmbeddedMongo     : 2019-01-22T19:49:24.442+0100 I CONTROL  [initandlisten] build environment:
2019-01-22 19:49:24.444  INFO 22134 --- [       Thread-9] o.s.b.a.mongo.embedded.EmbeddedMongo     : 2019-01-22T19:49:24.442+0100 I CONTROL  [initandlisten]     distarch: x86_64
2019-01-22 19:49:24.444  INFO 22134 --- [       Thread-9] o.s.b.a.mongo.embedded.EmbeddedMongo     : 2019-01-22T19:49:24.442+0100 I CONTROL  [initandlisten]     target_arch: x86_64
2019-01-22 19:49:24.527  INFO 22134 --- [       Thread-9] o.s.b.a.mongo.embedded.EmbeddedMongo     : 2019-01-22T19:49:24.442+0100 I CONTROL  [initandlisten] options: { net: { bindIp: "127.0.0.1", http: { enabled: false }, port: 56611 }, security: { authorization: "disabled" }, storage: { dbPath: "/var/folders/51/bfgrc3857cz1czsv73r849fh0000gn/T/embedmongo-db-5489ff6a-a8c1-404d-976b-e0ed0e788ce2", journal: { enabled: false }, mmapv1: { preallocDataFiles: false, smallFiles: true }, syncPeriodSecs: 0.0 } }
2019-01-22 19:49:24.528  INFO 22134 --- [       Thread-9] o.s.b.a.mongo.embedded.EmbeddedMongo     : 2019-01-22T19:49:24.443+0100 I STORAGE  [initandlisten] wiredtiger_open config: create,cache_size=3584M,session_max=20000,eviction=(threads_min=4,threads_max=4),config_base=false,statistics=(fast),log=(enabled=true,archive=true,path=journal,compressor=snappy),file_manager=(close_idle_time=100000),checkpoint=(wait=0,log_size=2GB),statistics_log=(wait=0),verbose=(recovery_progress),,log=(enabled=false),
2019-01-22 19:49:25.292  INFO 22134 --- [       Thread-9] o.s.b.a.mongo.embedded.EmbeddedMongo     : 2019-01-22T19:49:25.292+0100 W STORAGE  [initandlisten] Detected configuration for non-active storage engine mmapv1 when current storage engine is wiredTiger
2019-01-22 19:49:25.293  INFO 22134 --- [       Thread-9] o.s.b.a.mongo.embedded.EmbeddedMongo     : 2019-01-22T19:49:25.292+0100 I CONTROL  [initandlisten] 
2019-01-22 19:49:25.294  INFO 22134 --- [       Thread-9] o.s.b.a.mongo.embedded.EmbeddedMongo     : 2019-01-22T19:49:25.292+0100 I CONTROL  [initandlisten] ** NOTE: This is a development version (3.5.5) of MongoDB.
2019-01-22 19:49:25.294  INFO 22134 --- [       Thread-9] o.s.b.a.mongo.embedded.EmbeddedMongo     : 2019-01-22T19:49:25.292+0100 I CONTROL  [initandlisten] **       Not recommended for production.
2019-01-22 19:49:25.294  INFO 22134 --- [       Thread-9] o.s.b.a.mongo.embedded.EmbeddedMongo     : 2019-01-22T19:49:25.292+0100 I CONTROL  [initandlisten] 
2019-01-22 19:49:25.485  INFO 22134 --- [       Thread-9] o.s.b.a.mongo.embedded.EmbeddedMongo     : 2019-01-22T19:49:25.485+0100 I FTDC     [initandlisten] Initializing full-time diagnostic data capture with directory '/var/folders/51/bfgrc3857cz1czsv73r849fh0000gn/T/embedmongo-db-5489ff6a-a8c1-404d-976b-e0ed0e788ce2/diagnostic.data'
2019-01-22 19:49:25.789  INFO 22134 --- [       Thread-9] o.s.b.a.mongo.embedded.EmbeddedMongo     : 2019-01-22T19:49:25.789+0100 I INDEX    [initandlisten] build index on: admin.system.version properties: { v: 2, key: { version: 1 }, name: "incompatible_with_version_32", ns: "admin.system.version" }
2019-01-22 19:49:25.790  INFO 22134 --- [       Thread-9] o.s.b.a.mongo.embedded.EmbeddedMongo     : 2019-01-22T19:49:25.789+0100 I INDEX    [initandlisten] 	 building index using bulk method; build may temporarily use up to 500 megabytes of RAM
2019-01-22 19:49:25.801  INFO 22134 --- [       Thread-9] o.s.b.a.mongo.embedded.EmbeddedMongo     : 2019-01-22T19:49:25.800+0100 I INDEX    [initandlisten] build index done.  scanned 0 total records. 0 secs
2019-01-22 19:49:25.801  INFO 22134 --- [       Thread-9] o.s.b.a.mongo.embedded.EmbeddedMongo     : 2019-01-22T19:49:25.801+0100 I COMMAND  [initandlisten] setting featureCompatibilityVersion to 3.4
2019-01-22 19:49:25.802  INFO 22134 --- [       Thread-9] o.s.b.a.mongo.embedded.EmbeddedMongo     : 2019-01-22T19:49:25.802+0100 I NETWORK  [thread1] waiting for connections on port 56611
2019-01-22 19:49:25.802  INFO 22134 --- [    Test worker] d.f.embed.mongo.MongodExecutable         : start de.flapdoodle.embed.mongo.config.MongodConfigBuilder$ImmutableMongodConfig@17e2478a
2019-01-22 19:49:26.209  INFO 22134 --- [    Test worker] org.mongodb.driver.cluster               : Cluster created with settings {hosts=[localhost:56611], mode=MULTIPLE, requiredClusterType=UNKNOWN, serverSelectionTimeout='30000 ms', maxWaitQueueSize=500}
2019-01-22 19:49:26.210  INFO 22134 --- [    Test worker] org.mongodb.driver.cluster               : Adding discovered server localhost:56611 to client view of cluster
2019-01-22 19:49:26.281  INFO 22134 --- [       Thread-9] o.s.b.a.mongo.embedded.EmbeddedMongo     : 2019-01-22T19:49:26.281+0100 I NETWORK  [thread1] connection accepted from 127.0.0.1:56613 #1 (1 connection now open)
2019-01-22 19:49:26.297  INFO 22134 --- [       Thread-9] o.s.b.a.mongo.embedded.EmbeddedMongo     : 2019-01-22T19:49:26.297+0100 I NETWORK  [conn1] received client metadata from 127.0.0.1:56613 conn1: { driver: { name: "mongo-java-driver", version: "3.8.2" }, os: { type: "Darwin", name: "Mac OS X", architecture: "x86_64", version: "10.14.2" }, platform: "Java/Oracle Corporation/1.8.0_131-b11" }
2019-01-22 19:49:26.324  INFO 22134 --- [localhost:56611] org.mongodb.driver.connection            : Opened connection [connectionId{localValue:1, serverValue:1}] to localhost:56611
2019-01-22 19:49:26.328  INFO 22134 --- [localhost:56611] org.mongodb.driver.cluster               : Monitor thread successfully connected to server with description ServerDescription{address=localhost:56611, type=STANDALONE, state=CONNECTED, ok=true, version=ServerVersion{versionList=[3, 5, 5]}, minWireVersion=0, maxWireVersion=5, maxDocumentSize=16777216, logicalSessionTimeoutMinutes=null, roundTripTimeNanos=1639239}
2019-01-22 19:49:26.330  INFO 22134 --- [localhost:56611] org.mongodb.driver.cluster               : Discovered cluster type of STANDALONE
2019-01-22 19:49:26.907  INFO 22134 --- [    Test worker] org.mongodb.driver.cluster               : Cluster created with settings {hosts=[localhost:56611], mode=SINGLE, requiredClusterType=UNKNOWN, serverSelectionTimeout='30000 ms', maxWaitQueueSize=500}
2019-01-22 19:49:27.035  INFO 22134 --- [       Thread-9] o.s.b.a.mongo.embedded.EmbeddedMongo     : 2019-01-22T19:49:27.035+0100 I NETWORK  [thread1] connection accepted from 127.0.0.1:56614 #2 (2 connections now open)
2019-01-22 19:49:27.116  INFO 22134 --- [       Thread-9] o.s.b.a.mongo.embedded.EmbeddedMongo     : 2019-01-22T19:49:27.116+0100 I NETWORK  [conn2] received client metadata from 127.0.0.1:56614 conn2: { driver: { name: "mongo-java-driver|mongo-java-driver-reactivestreams", version: "3.8.2|1.9.2" }, os: { type: "Darwin", name: "Mac OS X", architecture: "x86_64", version: "10.14.2" }, platform: "Java/Oracle Corporation/1.8.0_131-b11" }
2019-01-22 19:49:27.147  INFO 22134 --- [localhost:56611] org.mongodb.driver.connection            : Opened connection [connectionId{localValue:2, serverValue:2}] to localhost:56611
2019-01-22 19:49:27.151  INFO 22134 --- [localhost:56611] org.mongodb.driver.cluster               : Monitor thread successfully connected to server with description ServerDescription{address=localhost:56611, type=STANDALONE, state=CONNECTED, ok=true, version=ServerVersion{versionList=[3, 5, 5]}, minWireVersion=0, maxWireVersion=5, maxDocumentSize=16777216, logicalSessionTimeoutMinutes=null, roundTripTimeNanos=2929739}
2019-01-22 19:49:29.022  INFO 22134 --- [    Test worker] o.s.b.a.e.web.EndpointLinksResolver      : Exposing 16 endpoint(s) beneath base path '/manage'
2019-01-22 19:49:29.262  INFO 22134 --- [    Test worker] es.santalucia.api.ApiApplicationTests    : Started ApiApplicationTests in 16.343 seconds (JVM running for 17.647)
]]></system-out>
  <system-err><![CDATA[]]></system-err>
</testsuite>
