<?xml version="1.0" encoding="UTF-8"?>
<testsuite name="es.santalucia.api.ApiApplicationTests" tests="1" skipped="0" failures="0" errors="0" timestamp="2019-01-18T18:36:21" hostname="MacBook-Air-77.home" time="0.072">
  <properties/>
  <testcase name="contextLoads" classname="es.santalucia.api.ApiApplicationTests" time="0.072"/>
  <system-out><![CDATA[19:36:02.375 [Test worker] DEBUG org.springframework.test.context.junit4.SpringJUnit4ClassRunner - SpringJUnit4ClassRunner constructor called with [class es.santalucia.api.ApiApplicationTests]
19:36:02.389 [Test worker] DEBUG org.springframework.test.context.BootstrapUtils - Instantiating CacheAwareContextLoaderDelegate from class [org.springframework.test.context.cache.DefaultCacheAwareContextLoaderDelegate]
19:36:02.416 [Test worker] DEBUG org.springframework.test.context.BootstrapUtils - Instantiating BootstrapContext using constructor [public org.springframework.test.context.support.DefaultBootstrapContext(java.lang.Class,org.springframework.test.context.CacheAwareContextLoaderDelegate)]
19:36:02.538 [Test worker] DEBUG org.springframework.test.context.BootstrapUtils - Instantiating TestContextBootstrapper for test class [es.santalucia.api.ApiApplicationTests] from class [org.springframework.boot.test.context.SpringBootTestContextBootstrapper]
19:36:02.613 [Test worker] INFO org.springframework.boot.test.context.SpringBootTestContextBootstrapper - Neither @ContextConfiguration nor @ContextHierarchy found for test class [es.santalucia.api.ApiApplicationTests], using SpringBootContextLoader
19:36:02.626 [Test worker] DEBUG org.springframework.test.context.support.AbstractContextLoader - Did not detect default resource location for test class [es.santalucia.api.ApiApplicationTests]: class path resource [es/santalucia/api/ApiApplicationTests-context.xml] does not exist
19:36:02.627 [Test worker] DEBUG org.springframework.test.context.support.AbstractContextLoader - Did not detect default resource location for test class [es.santalucia.api.ApiApplicationTests]: class path resource [es/santalucia/api/ApiApplicationTestsContext.groovy] does not exist
19:36:02.628 [Test worker] INFO org.springframework.test.context.support.AbstractContextLoader - Could not detect default resource locations for test class [es.santalucia.api.ApiApplicationTests]: no resource found for suffixes {-context.xml, Context.groovy}.
19:36:02.630 [Test worker] INFO org.springframework.test.context.support.AnnotationConfigContextLoaderUtils - Could not detect default configuration classes for test class [es.santalucia.api.ApiApplicationTests]: ApiApplicationTests does not declare any static, non-private, non-final, nested classes annotated with @Configuration.
19:36:02.818 [Test worker] DEBUG org.springframework.test.context.support.ActiveProfilesUtils - Could not find an 'annotation declaring class' for annotation type [org.springframework.test.context.ActiveProfiles] and class [es.santalucia.api.ApiApplicationTests]
19:36:03.020 [Test worker] DEBUG org.springframework.context.annotation.ClassPathScanningCandidateComponentProvider - Identified candidate component class: file [/Users/admin/Library/Mobile Documents/com~apple~CloudDocs/repos/afkar/santalucia-be/build/classes/java/main/es/santalucia/api/ApiApplication.class]
19:36:03.022 [Test worker] INFO org.springframework.boot.test.context.SpringBootTestContextBootstrapper - Found @SpringBootConfiguration es.santalucia.api.ApiApplication for test class es.santalucia.api.ApiApplicationTests
19:36:03.220 [Test worker] DEBUG org.springframework.boot.test.context.SpringBootTestContextBootstrapper - @TestExecutionListeners is not present for class [es.santalucia.api.ApiApplicationTests]: using defaults.
19:36:03.222 [Test worker] INFO org.springframework.boot.test.context.SpringBootTestContextBootstrapper - Loaded default TestExecutionListener class names from location [META-INF/spring.factories]: [org.springframework.boot.test.autoconfigure.restdocs.RestDocsTestExecutionListener, org.springframework.boot.test.autoconfigure.web.client.MockRestServiceServerResetTestExecutionListener, org.springframework.boot.test.autoconfigure.web.servlet.MockMvcPrintOnlyOnFailureTestExecutionListener, org.springframework.boot.test.autoconfigure.web.servlet.WebDriverTestExecutionListener, org.springframework.boot.test.mock.mockito.MockitoTestExecutionListener, org.springframework.boot.test.mock.mockito.ResetMocksTestExecutionListener, org.springframework.test.context.web.ServletTestExecutionListener, org.springframework.test.context.support.DirtiesContextBeforeModesTestExecutionListener, org.springframework.test.context.support.DependencyInjectionTestExecutionListener, org.springframework.test.context.support.DirtiesContextTestExecutionListener, org.springframework.test.context.transaction.TransactionalTestExecutionListener, org.springframework.test.context.jdbc.SqlScriptsTestExecutionListener]
19:36:03.257 [Test worker] INFO org.springframework.boot.test.context.SpringBootTestContextBootstrapper - Using TestExecutionListeners: [org.springframework.test.context.web.ServletTestExecutionListener@32e57a5f, org.springframework.test.context.support.DirtiesContextBeforeModesTestExecutionListener@1706d13e, org.springframework.boot.test.mock.mockito.MockitoTestExecutionListener@77f7d4c7, org.springframework.boot.test.autoconfigure.SpringBootDependencyInjectionTestExecutionListener@70ea7ff, org.springframework.test.context.support.DirtiesContextTestExecutionListener@1e2012c3, org.springframework.test.context.transaction.TransactionalTestExecutionListener@3f0ebf18, org.springframework.test.context.jdbc.SqlScriptsTestExecutionListener@769615d2, org.springframework.boot.test.autoconfigure.restdocs.RestDocsTestExecutionListener@4d575a0, org.springframework.boot.test.autoconfigure.web.client.MockRestServiceServerResetTestExecutionListener@1a7dc9f3, org.springframework.boot.test.autoconfigure.web.servlet.MockMvcPrintOnlyOnFailureTestExecutionListener@504143db, org.springframework.boot.test.autoconfigure.web.servlet.WebDriverTestExecutionListener@16bfe484, org.springframework.boot.test.mock.mockito.ResetMocksTestExecutionListener@3968eb86]
19:36:03.267 [Test worker] DEBUG org.springframework.test.annotation.ProfileValueUtils - Retrieved @ProfileValueSourceConfiguration [null] for test class [es.santalucia.api.ApiApplicationTests]
19:36:03.268 [Test worker] DEBUG org.springframework.test.annotation.ProfileValueUtils - Retrieved ProfileValueSource type [class org.springframework.test.annotation.SystemProfileValueSource] for class [es.santalucia.api.ApiApplicationTests]
19:36:03.269 [Test worker] DEBUG org.springframework.test.annotation.ProfileValueUtils - Retrieved @ProfileValueSourceConfiguration [null] for test class [es.santalucia.api.ApiApplicationTests]
19:36:03.270 [Test worker] DEBUG org.springframework.test.annotation.ProfileValueUtils - Retrieved ProfileValueSource type [class org.springframework.test.annotation.SystemProfileValueSource] for class [es.santalucia.api.ApiApplicationTests]
19:36:03.280 [Test worker] DEBUG org.springframework.test.context.support.AbstractDirtiesContextTestExecutionListener - Before test class: context [DefaultTestContext@ea7089d testClass = ApiApplicationTests, testInstance = [null], testMethod = [null], testException = [null], mergedContextConfiguration = [WebMergedContextConfiguration@6949c0a7 testClass = ApiApplicationTests, locations = '{}', classes = '{class es.santalucia.api.ApiApplication}', contextInitializerClasses = '[]', activeProfiles = '{}', propertySourceLocations = '{}', propertySourceProperties = '{org.springframework.boot.test.context.SpringBootTestContextBootstrapper=true}', contextCustomizers = set[org.springframework.boot.test.autoconfigure.properties.PropertyMappingContextCustomizer@0, org.springframework.boot.test.autoconfigure.web.servlet.WebDriverContextCustomizerFactory$Customizer@22fda19a, org.springframework.boot.test.context.filter.ExcludeFilterContextCustomizer@47f2468d, org.springframework.boot.test.json.DuplicateJsonObjectContextCustomizerFactory$DuplicateJsonObjectContextCustomizer@d83b7a6, org.springframework.boot.test.mock.mockito.MockitoContextCustomizer@0, org.springframework.boot.test.web.client.TestRestTemplateContextCustomizer@5d824736, org.springframework.boot.test.web.reactive.server.WebTestClientContextCustomizer@6dcb0b55], resourceBasePath = 'src/main/webapp', contextLoader = 'org.springframework.boot.test.context.SpringBootContextLoader', parent = [null]], attributes = map['org.springframework.test.context.web.ServletTestExecutionListener.activateListener' -> true]], class annotated with @DirtiesContext [false] with mode [null].
19:36:03.282 [Test worker] DEBUG org.springframework.test.annotation.ProfileValueUtils - Retrieved @ProfileValueSourceConfiguration [null] for test class [es.santalucia.api.ApiApplicationTests]
19:36:03.282 [Test worker] DEBUG org.springframework.test.annotation.ProfileValueUtils - Retrieved ProfileValueSource type [class org.springframework.test.annotation.SystemProfileValueSource] for class [es.santalucia.api.ApiApplicationTests]
19:36:03.317 [Test worker] DEBUG org.springframework.test.context.support.TestPropertySourceUtils - Adding inlined properties to environment: {spring.jmx.enabled=false, org.springframework.boot.test.context.SpringBootTestContextBootstrapper=true, server.port=-1}

  .   ____          _            __ _ _
 /\\ / ___'_ __ _ _(_)_ __  __ _ \ \ \ \
( ( )\___ | '_ | '_| | '_ \/ _` | \ \ \ \
 \\/  ___)| |_)| | | | | || (_| |  ) ) ) )
  '  |____| .__|_| |_|_| |_\__, | / / / /
 =========|_|==============|___/=/_/_/_/
 :: Spring Boot ::        (v2.1.2.RELEASE)

2019-01-18 19:36:04.329  INFO 25754 --- [    Test worker] es.santalucia.api.ApiApplicationTests    : Starting ApiApplicationTests on MacBook-Air-77.home with PID 25754 (started by admin in /Users/admin/Library/Mobile Documents/com~apple~CloudDocs/repos/afkar/santalucia-be)
2019-01-18 19:36:04.337  INFO 25754 --- [    Test worker] es.santalucia.api.ApiApplicationTests    : No active profile set, falling back to default profiles: default
2019-01-18 19:36:07.853  INFO 25754 --- [    Test worker] .s.d.r.c.RepositoryConfigurationDelegate : Multiple Spring Data modules found, entering strict repository configuration mode!
2019-01-18 19:36:07.857  INFO 25754 --- [    Test worker] .s.d.r.c.RepositoryConfigurationDelegate : Bootstrapping Spring Data repositories in DEFAULT mode.
2019-01-18 19:36:07.897  INFO 25754 --- [    Test worker] .s.d.r.c.RepositoryConfigurationDelegate : Finished Spring Data repository scanning in 25ms. Found 0 repository interfaces.
2019-01-18 19:36:07.928  INFO 25754 --- [    Test worker] .s.d.r.c.RepositoryConfigurationDelegate : Multiple Spring Data modules found, entering strict repository configuration mode!
2019-01-18 19:36:07.929  INFO 25754 --- [    Test worker] .s.d.r.c.RepositoryConfigurationDelegate : Bootstrapping Spring Data repositories in DEFAULT mode.
2019-01-18 19:36:07.948  INFO 25754 --- [    Test worker] .s.d.r.c.RepositoryConfigurationDelegate : Finished Spring Data repository scanning in 17ms. Found 0 repository interfaces.
2019-01-18 19:36:07.959  INFO 25754 --- [    Test worker] .s.d.r.c.RepositoryConfigurationDelegate : Multiple Spring Data modules found, entering strict repository configuration mode!
2019-01-18 19:36:07.960  INFO 25754 --- [    Test worker] .s.d.r.c.RepositoryConfigurationDelegate : Bootstrapping Spring Data repositories in DEFAULT mode.
2019-01-18 19:36:07.972  INFO 25754 --- [    Test worker] .s.d.r.c.RepositoryConfigurationDelegate : Finished Spring Data repository scanning in 12ms. Found 0 repository interfaces.
2019-01-18 19:36:09.092  INFO 25754 --- [    Test worker] trationDelegate$BeanPostProcessorChecker : Bean 'org.springframework.transaction.annotation.ProxyTransactionManagementConfiguration' of type [org.springframework.transaction.annotation.ProxyTransactionManagementConfiguration$$EnhancerBySpringCGLIB$$e1901b36] is not eligible for getting processed by all BeanPostProcessors (for example: not eligible for auto-proxying)
2019-01-18 19:36:09.208  INFO 25754 --- [    Test worker] trationDelegate$BeanPostProcessorChecker : Bean 'org.springframework.hateoas.config.HateoasConfiguration' of type [org.springframework.hateoas.config.HateoasConfiguration$$EnhancerBySpringCGLIB$$61106868] is not eligible for getting processed by all BeanPostProcessors (for example: not eligible for auto-proxying)
2019-01-18 19:36:09.736  INFO 25754 --- [    Test worker] com.zaxxer.hikari.HikariDataSource       : HikariPool-1 - Starting...
2019-01-18 19:36:10.040  INFO 25754 --- [    Test worker] com.zaxxer.hikari.HikariDataSource       : HikariPool-1 - Start completed.
2019-01-18 19:36:10.155  INFO 25754 --- [    Test worker] o.hibernate.jpa.internal.util.LogHelper  : HHH000204: Processing PersistenceUnitInfo [
	name: default
	...]
2019-01-18 19:36:10.278  INFO 25754 --- [    Test worker] org.hibernate.Version                    : HHH000412: Hibernate Core {5.3.7.Final}
2019-01-18 19:36:10.280  INFO 25754 --- [    Test worker] org.hibernate.cfg.Environment            : HHH000206: hibernate.properties not found
2019-01-18 19:36:10.581  INFO 25754 --- [    Test worker] o.hibernate.annotations.common.Version   : HCANN000001: Hibernate Commons Annotations {5.0.4.Final}
2019-01-18 19:36:10.825  INFO 25754 --- [    Test worker] org.hibernate.dialect.Dialect            : HHH000400: Using dialect: org.hibernate.dialect.MySQL5Dialect
2019-01-18 19:36:11.166  INFO 25754 --- [    Test worker] o.h.t.schema.internal.SchemaCreatorImpl  : HHH000476: Executing import script 'org.hibernate.tool.schema.internal.exec.ScriptSourceInputNonExistentImpl@4a43cf26'
2019-01-18 19:36:11.171  INFO 25754 --- [    Test worker] j.LocalContainerEntityManagerFactoryBean : Initialized JPA EntityManagerFactory for persistence unit 'default'
2019-01-18 19:36:13.386  INFO 25754 --- [    Test worker] o.s.s.concurrent.ThreadPoolTaskExecutor  : Initializing ExecutorService 'applicationTaskExecutor'
2019-01-18 19:36:16.248  INFO 25754 --- [       Thread-8] o.s.b.a.mongo.embedded.EmbeddedMongo     : note: noprealloc may hurt performance in many applications
2019-01-18 19:36:16.255  INFO 25754 --- [       Thread-8] o.s.b.a.mongo.embedded.EmbeddedMongo     : 2019-01-18T19:36:16.254+0100 I CONTROL  [initandlisten] MongoDB starting : pid=25792 port=49873 dbpath=/var/folders/51/bfgrc3857cz1czsv73r849fh0000gn/T/embedmongo-db-62a269a3-2a11-4bdb-927c-580036741b93 64-bit host=MacBook-Air-77.home
2019-01-18 19:36:16.255  INFO 25754 --- [       Thread-8] o.s.b.a.mongo.embedded.EmbeddedMongo     : 2019-01-18T19:36:16.255+0100 I CONTROL  [initandlisten] db version v3.5.5
2019-01-18 19:36:16.255  INFO 25754 --- [       Thread-8] o.s.b.a.mongo.embedded.EmbeddedMongo     : 2019-01-18T19:36:16.255+0100 I CONTROL  [initandlisten] git version: 98515c812b6fa893613f063dae568ff8319cbfbd
2019-01-18 19:36:16.256  INFO 25754 --- [       Thread-8] o.s.b.a.mongo.embedded.EmbeddedMongo     : 2019-01-18T19:36:16.255+0100 I CONTROL  [initandlisten] allocator: system
2019-01-18 19:36:16.256  INFO 25754 --- [       Thread-8] o.s.b.a.mongo.embedded.EmbeddedMongo     : 2019-01-18T19:36:16.255+0100 I CONTROL  [initandlisten] modules: none
2019-01-18 19:36:16.256  INFO 25754 --- [       Thread-8] o.s.b.a.mongo.embedded.EmbeddedMongo     : 2019-01-18T19:36:16.255+0100 I CONTROL  [initandlisten] build environment:
2019-01-18 19:36:16.256  INFO 25754 --- [       Thread-8] o.s.b.a.mongo.embedded.EmbeddedMongo     : 2019-01-18T19:36:16.255+0100 I CONTROL  [initandlisten]     distarch: x86_64
2019-01-18 19:36:16.256  INFO 25754 --- [       Thread-8] o.s.b.a.mongo.embedded.EmbeddedMongo     : 2019-01-18T19:36:16.255+0100 I CONTROL  [initandlisten]     target_arch: x86_64
2019-01-18 19:36:16.257  INFO 25754 --- [       Thread-8] o.s.b.a.mongo.embedded.EmbeddedMongo     : 2019-01-18T19:36:16.255+0100 I CONTROL  [initandlisten] options: { net: { bindIp: "127.0.0.1", http: { enabled: false }, port: 49873 }, security: { authorization: "disabled" }, storage: { dbPath: "/var/folders/51/bfgrc3857cz1czsv73r849fh0000gn/T/embedmongo-db-62a269a3-2a11-4bdb-927c-580036741b93", journal: { enabled: false }, mmapv1: { preallocDataFiles: false, smallFiles: true }, syncPeriodSecs: 0.0 } }
2019-01-18 19:36:16.261  INFO 25754 --- [       Thread-8] o.s.b.a.mongo.embedded.EmbeddedMongo     : 2019-01-18T19:36:16.261+0100 I STORAGE  [initandlisten] wiredtiger_open config: create,cache_size=3584M,session_max=20000,eviction=(threads_min=4,threads_max=4),config_base=false,statistics=(fast),log=(enabled=true,archive=true,path=journal,compressor=snappy),file_manager=(close_idle_time=100000),checkpoint=(wait=0,log_size=2GB),statistics_log=(wait=0),verbose=(recovery_progress),,log=(enabled=false),
2019-01-18 19:36:17.052  INFO 25754 --- [       Thread-8] o.s.b.a.mongo.embedded.EmbeddedMongo     : 2019-01-18T19:36:17.051+0100 W STORAGE  [initandlisten] Detected configuration for non-active storage engine mmapv1 when current storage engine is wiredTiger
2019-01-18 19:36:17.052  INFO 25754 --- [       Thread-8] o.s.b.a.mongo.embedded.EmbeddedMongo     : 2019-01-18T19:36:17.051+0100 I CONTROL  [initandlisten] 
2019-01-18 19:36:17.052  INFO 25754 --- [       Thread-8] o.s.b.a.mongo.embedded.EmbeddedMongo     : 2019-01-18T19:36:17.051+0100 I CONTROL  [initandlisten] ** NOTE: This is a development version (3.5.5) of MongoDB.
2019-01-18 19:36:17.052  INFO 25754 --- [       Thread-8] o.s.b.a.mongo.embedded.EmbeddedMongo     : 2019-01-18T19:36:17.051+0100 I CONTROL  [initandlisten] **       Not recommended for production.
2019-01-18 19:36:17.052  INFO 25754 --- [       Thread-8] o.s.b.a.mongo.embedded.EmbeddedMongo     : 2019-01-18T19:36:17.051+0100 I CONTROL  [initandlisten] 
2019-01-18 19:36:17.382  INFO 25754 --- [       Thread-8] o.s.b.a.mongo.embedded.EmbeddedMongo     : 2019-01-18T19:36:17.382+0100 I FTDC     [initandlisten] Initializing full-time diagnostic data capture with directory '/var/folders/51/bfgrc3857cz1czsv73r849fh0000gn/T/embedmongo-db-62a269a3-2a11-4bdb-927c-580036741b93/diagnostic.data'
2019-01-18 19:36:17.824  INFO 25754 --- [       Thread-8] o.s.b.a.mongo.embedded.EmbeddedMongo     : 2019-01-18T19:36:17.823+0100 I INDEX    [initandlisten] build index on: admin.system.version properties: { v: 2, key: { version: 1 }, name: "incompatible_with_version_32", ns: "admin.system.version" }
2019-01-18 19:36:17.824  INFO 25754 --- [       Thread-8] o.s.b.a.mongo.embedded.EmbeddedMongo     : 2019-01-18T19:36:17.823+0100 I INDEX    [initandlisten] 	 building index using bulk method; build may temporarily use up to 500 megabytes of RAM
2019-01-18 19:36:17.866  INFO 25754 --- [       Thread-8] o.s.b.a.mongo.embedded.EmbeddedMongo     : 2019-01-18T19:36:17.865+0100 I INDEX    [initandlisten] build index done.  scanned 0 total records. 0 secs
2019-01-18 19:36:17.866  INFO 25754 --- [       Thread-8] o.s.b.a.mongo.embedded.EmbeddedMongo     : 2019-01-18T19:36:17.866+0100 I COMMAND  [initandlisten] setting featureCompatibilityVersion to 3.4
2019-01-18 19:36:17.867  INFO 25754 --- [       Thread-8] o.s.b.a.mongo.embedded.EmbeddedMongo     : 2019-01-18T19:36:17.866+0100 I NETWORK  [thread1] waiting for connections on port 49873
2019-01-18 19:36:17.868  INFO 25754 --- [    Test worker] d.f.embed.mongo.MongodExecutable         : start de.flapdoodle.embed.mongo.config.MongodConfigBuilder$ImmutableMongodConfig@4ecd4201
2019-01-18 19:36:18.304  INFO 25754 --- [    Test worker] org.mongodb.driver.cluster               : Cluster created with settings {hosts=[localhost:49873], mode=MULTIPLE, requiredClusterType=UNKNOWN, serverSelectionTimeout='30000 ms', maxWaitQueueSize=500}
2019-01-18 19:36:18.305  INFO 25754 --- [    Test worker] org.mongodb.driver.cluster               : Adding discovered server localhost:49873 to client view of cluster
2019-01-18 19:36:18.375  INFO 25754 --- [       Thread-8] o.s.b.a.mongo.embedded.EmbeddedMongo     : 2019-01-18T19:36:18.375+0100 I NETWORK  [thread1] connection accepted from 127.0.0.1:49878 #1 (1 connection now open)
2019-01-18 19:36:18.389  INFO 25754 --- [       Thread-8] o.s.b.a.mongo.embedded.EmbeddedMongo     : 2019-01-18T19:36:18.389+0100 I NETWORK  [conn1] received client metadata from 127.0.0.1:49878 conn1: { driver: { name: "mongo-java-driver", version: "3.8.2" }, os: { type: "Darwin", name: "Mac OS X", architecture: "x86_64", version: "10.14.2" }, platform: "Java/Oracle Corporation/1.8.0_131-b11" }
2019-01-18 19:36:18.415  INFO 25754 --- [localhost:49873] org.mongodb.driver.connection            : Opened connection [connectionId{localValue:1, serverValue:1}] to localhost:49873
2019-01-18 19:36:18.419  INFO 25754 --- [localhost:49873] org.mongodb.driver.cluster               : Monitor thread successfully connected to server with description ServerDescription{address=localhost:49873, type=STANDALONE, state=CONNECTED, ok=true, version=ServerVersion{versionList=[3, 5, 5]}, minWireVersion=0, maxWireVersion=5, maxDocumentSize=16777216, logicalSessionTimeoutMinutes=null, roundTripTimeNanos=1780047}
2019-01-18 19:36:18.421  INFO 25754 --- [localhost:49873] org.mongodb.driver.cluster               : Discovered cluster type of STANDALONE
2019-01-18 19:36:19.478  INFO 25754 --- [    Test worker] org.mongodb.driver.cluster               : Cluster created with settings {hosts=[localhost:49873], mode=SINGLE, requiredClusterType=UNKNOWN, serverSelectionTimeout='30000 ms', maxWaitQueueSize=500}
2019-01-18 19:36:19.592  INFO 25754 --- [       Thread-8] o.s.b.a.mongo.embedded.EmbeddedMongo     : 2019-01-18T19:36:19.592+0100 I NETWORK  [thread1] connection accepted from 127.0.0.1:49879 #2 (2 connections now open)
2019-01-18 19:36:19.659  INFO 25754 --- [       Thread-8] o.s.b.a.mongo.embedded.EmbeddedMongo     : 2019-01-18T19:36:19.659+0100 I NETWORK  [conn2] received client metadata from 127.0.0.1:49879 conn2: { driver: { name: "mongo-java-driver|mongo-java-driver-reactivestreams", version: "3.8.2|1.9.2" }, os: { type: "Darwin", name: "Mac OS X", architecture: "x86_64", version: "10.14.2" }, platform: "Java/Oracle Corporation/1.8.0_131-b11" }
2019-01-18 19:36:19.704  INFO 25754 --- [localhost:49873] org.mongodb.driver.connection            : Opened connection [connectionId{localValue:2, serverValue:2}] to localhost:49873
2019-01-18 19:36:19.708  INFO 25754 --- [localhost:49873] org.mongodb.driver.cluster               : Monitor thread successfully connected to server with description ServerDescription{address=localhost:49873, type=STANDALONE, state=CONNECTED, ok=true, version=ServerVersion{versionList=[3, 5, 5]}, minWireVersion=0, maxWireVersion=5, maxDocumentSize=16777216, logicalSessionTimeoutMinutes=null, roundTripTimeNanos=3786233}
2019-01-18 19:36:21.087  INFO 25754 --- [    Test worker] o.s.b.a.e.web.EndpointLinksResolver      : Exposing 2 endpoint(s) beneath base path '/actuator'
2019-01-18 19:36:21.229  INFO 25754 --- [    Test worker] es.santalucia.api.ApiApplicationTests    : Started ApiApplicationTests in 17.895 seconds (JVM running for 20.91)
]]></system-out>
  <system-err><![CDATA[]]></system-err>
</testsuite>
