<?xml version="1.0" encoding="UTF-8"?>
<testsuite name="es.santalucia.api.ApiApplicationTests" tests="1" skipped="0" failures="0" errors="0" timestamp="2019-01-19T17:33:28" hostname="MacBook-Air-77.home" time="0.074">
  <properties/>
  <testcase name="contextLoads" classname="es.santalucia.api.ApiApplicationTests" time="0.074"/>
  <system-out><![CDATA[18:33:11.672 [Test worker] DEBUG org.springframework.test.context.junit4.SpringJUnit4ClassRunner - SpringJUnit4ClassRunner constructor called with [class es.santalucia.api.ApiApplicationTests]
18:33:11.705 [Test worker] DEBUG org.springframework.test.context.BootstrapUtils - Instantiating CacheAwareContextLoaderDelegate from class [org.springframework.test.context.cache.DefaultCacheAwareContextLoaderDelegate]
18:33:11.739 [Test worker] DEBUG org.springframework.test.context.BootstrapUtils - Instantiating BootstrapContext using constructor [public org.springframework.test.context.support.DefaultBootstrapContext(java.lang.Class,org.springframework.test.context.CacheAwareContextLoaderDelegate)]
18:33:11.888 [Test worker] DEBUG org.springframework.test.context.BootstrapUtils - Instantiating TestContextBootstrapper for test class [es.santalucia.api.ApiApplicationTests] from class [org.springframework.boot.test.context.SpringBootTestContextBootstrapper]
18:33:11.920 [Test worker] INFO org.springframework.boot.test.context.SpringBootTestContextBootstrapper - Neither @ContextConfiguration nor @ContextHierarchy found for test class [es.santalucia.api.ApiApplicationTests], using SpringBootContextLoader
18:33:11.927 [Test worker] DEBUG org.springframework.test.context.support.AbstractContextLoader - Did not detect default resource location for test class [es.santalucia.api.ApiApplicationTests]: class path resource [es/santalucia/api/ApiApplicationTests-context.xml] does not exist
18:33:11.928 [Test worker] DEBUG org.springframework.test.context.support.AbstractContextLoader - Did not detect default resource location for test class [es.santalucia.api.ApiApplicationTests]: class path resource [es/santalucia/api/ApiApplicationTestsContext.groovy] does not exist
18:33:11.929 [Test worker] INFO org.springframework.test.context.support.AbstractContextLoader - Could not detect default resource locations for test class [es.santalucia.api.ApiApplicationTests]: no resource found for suffixes {-context.xml, Context.groovy}.
18:33:11.932 [Test worker] INFO org.springframework.test.context.support.AnnotationConfigContextLoaderUtils - Could not detect default configuration classes for test class [es.santalucia.api.ApiApplicationTests]: ApiApplicationTests does not declare any static, non-private, non-final, nested classes annotated with @Configuration.
18:33:12.065 [Test worker] DEBUG org.springframework.test.context.support.ActiveProfilesUtils - Could not find an 'annotation declaring class' for annotation type [org.springframework.test.context.ActiveProfiles] and class [es.santalucia.api.ApiApplicationTests]
18:33:12.275 [Test worker] DEBUG org.springframework.context.annotation.ClassPathScanningCandidateComponentProvider - Identified candidate component class: file [/Users/admin/Library/Mobile Documents/com~apple~CloudDocs/repos/afkar/santalucia-be/build/classes/java/main/es/santalucia/api/ApiApplication.class]
18:33:12.278 [Test worker] INFO org.springframework.boot.test.context.SpringBootTestContextBootstrapper - Found @SpringBootConfiguration es.santalucia.api.ApiApplication for test class es.santalucia.api.ApiApplicationTests
18:33:12.559 [Test worker] DEBUG org.springframework.boot.test.context.SpringBootTestContextBootstrapper - @TestExecutionListeners is not present for class [es.santalucia.api.ApiApplicationTests]: using defaults.
18:33:12.560 [Test worker] INFO org.springframework.boot.test.context.SpringBootTestContextBootstrapper - Loaded default TestExecutionListener class names from location [META-INF/spring.factories]: [org.springframework.boot.test.autoconfigure.restdocs.RestDocsTestExecutionListener, org.springframework.boot.test.autoconfigure.web.client.MockRestServiceServerResetTestExecutionListener, org.springframework.boot.test.autoconfigure.web.servlet.MockMvcPrintOnlyOnFailureTestExecutionListener, org.springframework.boot.test.autoconfigure.web.servlet.WebDriverTestExecutionListener, org.springframework.boot.test.mock.mockito.MockitoTestExecutionListener, org.springframework.boot.test.mock.mockito.ResetMocksTestExecutionListener, org.springframework.test.context.web.ServletTestExecutionListener, org.springframework.test.context.support.DirtiesContextBeforeModesTestExecutionListener, org.springframework.test.context.support.DependencyInjectionTestExecutionListener, org.springframework.test.context.support.DirtiesContextTestExecutionListener, org.springframework.test.context.transaction.TransactionalTestExecutionListener, org.springframework.test.context.jdbc.SqlScriptsTestExecutionListener]
18:33:12.587 [Test worker] INFO org.springframework.boot.test.context.SpringBootTestContextBootstrapper - Using TestExecutionListeners: [org.springframework.test.context.web.ServletTestExecutionListener@36bf1c09, org.springframework.test.context.support.DirtiesContextBeforeModesTestExecutionListener@1fcadfd9, org.springframework.boot.test.mock.mockito.MockitoTestExecutionListener@29cf9c34, org.springframework.boot.test.autoconfigure.SpringBootDependencyInjectionTestExecutionListener@4d200553, org.springframework.test.context.support.DirtiesContextTestExecutionListener@33107aa, org.springframework.test.context.transaction.TransactionalTestExecutionListener@4acc2402, org.springframework.test.context.jdbc.SqlScriptsTestExecutionListener@1f372f53, org.springframework.boot.test.autoconfigure.restdocs.RestDocsTestExecutionListener@5270bb7b, org.springframework.boot.test.autoconfigure.web.client.MockRestServiceServerResetTestExecutionListener@59f7eac8, org.springframework.boot.test.autoconfigure.web.servlet.MockMvcPrintOnlyOnFailureTestExecutionListener@72b029c0, org.springframework.boot.test.autoconfigure.web.servlet.WebDriverTestExecutionListener@545bdd72, org.springframework.boot.test.mock.mockito.ResetMocksTestExecutionListener@3270fe1]
18:33:12.592 [Test worker] DEBUG org.springframework.test.annotation.ProfileValueUtils - Retrieved @ProfileValueSourceConfiguration [null] for test class [es.santalucia.api.ApiApplicationTests]
18:33:12.592 [Test worker] DEBUG org.springframework.test.annotation.ProfileValueUtils - Retrieved ProfileValueSource type [class org.springframework.test.annotation.SystemProfileValueSource] for class [es.santalucia.api.ApiApplicationTests]
18:33:12.593 [Test worker] DEBUG org.springframework.test.annotation.ProfileValueUtils - Retrieved @ProfileValueSourceConfiguration [null] for test class [es.santalucia.api.ApiApplicationTests]
18:33:12.594 [Test worker] DEBUG org.springframework.test.annotation.ProfileValueUtils - Retrieved ProfileValueSource type [class org.springframework.test.annotation.SystemProfileValueSource] for class [es.santalucia.api.ApiApplicationTests]
18:33:12.605 [Test worker] DEBUG org.springframework.test.context.support.AbstractDirtiesContextTestExecutionListener - Before test class: context [DefaultTestContext@5aae7c45 testClass = ApiApplicationTests, testInstance = [null], testMethod = [null], testException = [null], mergedContextConfiguration = [WebMergedContextConfiguration@305a1307 testClass = ApiApplicationTests, locations = '{}', classes = '{class es.santalucia.api.ApiApplication}', contextInitializerClasses = '[]', activeProfiles = '{}', propertySourceLocations = '{}', propertySourceProperties = '{org.springframework.boot.test.context.SpringBootTestContextBootstrapper=true}', contextCustomizers = set[org.springframework.boot.test.autoconfigure.properties.PropertyMappingContextCustomizer@0, org.springframework.boot.test.autoconfigure.web.servlet.WebDriverContextCustomizerFactory$Customizer@3849c95e, org.springframework.boot.test.context.filter.ExcludeFilterContextCustomizer@48c48e40, org.springframework.boot.test.json.DuplicateJsonObjectContextCustomizerFactory$DuplicateJsonObjectContextCustomizer@1e184a60, org.springframework.boot.test.mock.mockito.MockitoContextCustomizer@0, org.springframework.boot.test.web.client.TestRestTemplateContextCustomizer@78a6c700, org.springframework.boot.test.web.reactive.server.WebTestClientContextCustomizer@289dc8cb], resourceBasePath = 'src/main/webapp', contextLoader = 'org.springframework.boot.test.context.SpringBootContextLoader', parent = [null]], attributes = map['org.springframework.test.context.web.ServletTestExecutionListener.activateListener' -> true]], class annotated with @DirtiesContext [false] with mode [null].
18:33:12.607 [Test worker] DEBUG org.springframework.test.annotation.ProfileValueUtils - Retrieved @ProfileValueSourceConfiguration [null] for test class [es.santalucia.api.ApiApplicationTests]
18:33:12.608 [Test worker] DEBUG org.springframework.test.annotation.ProfileValueUtils - Retrieved ProfileValueSource type [class org.springframework.test.annotation.SystemProfileValueSource] for class [es.santalucia.api.ApiApplicationTests]
18:33:12.655 [Test worker] DEBUG org.springframework.test.context.support.TestPropertySourceUtils - Adding inlined properties to environment: {spring.jmx.enabled=false, org.springframework.boot.test.context.SpringBootTestContextBootstrapper=true, server.port=-1}

  .   ____          _            __ _ _
 /\\ / ___'_ __ _ _(_)_ __  __ _ \ \ \ \
( ( )\___ | '_ | '_| | '_ \/ _` | \ \ \ \
 \\/  ___)| |_)| | | | | || (_| |  ) ) ) )
  '  |____| .__|_| |_|_| |_\__, | / / / /
 =========|_|==============|___/=/_/_/_/
 :: Spring Boot ::        (v2.1.2.RELEASE)

2019-01-19 18:33:13.549  INFO 48922 --- [    Test worker] es.santalucia.api.ApiApplicationTests    : Starting ApiApplicationTests on MacBook-Air-77.home with PID 48922 (started by admin in /Users/admin/Library/Mobile Documents/com~apple~CloudDocs/repos/afkar/santalucia-be)
2019-01-19 18:33:13.552  INFO 48922 --- [    Test worker] es.santalucia.api.ApiApplicationTests    : No active profile set, falling back to default profiles: default
2019-01-19 18:33:16.086  INFO 48922 --- [    Test worker] .s.d.r.c.RepositoryConfigurationDelegate : Multiple Spring Data modules found, entering strict repository configuration mode!
2019-01-19 18:33:16.089  INFO 48922 --- [    Test worker] .s.d.r.c.RepositoryConfigurationDelegate : Bootstrapping Spring Data repositories in DEFAULT mode.
2019-01-19 18:33:16.133  INFO 48922 --- [    Test worker] .s.d.r.c.RepositoryConfigurationDelegate : Finished Spring Data repository scanning in 32ms. Found 0 repository interfaces.
2019-01-19 18:33:16.146  INFO 48922 --- [    Test worker] .s.d.r.c.RepositoryConfigurationDelegate : Multiple Spring Data modules found, entering strict repository configuration mode!
2019-01-19 18:33:16.147  INFO 48922 --- [    Test worker] .s.d.r.c.RepositoryConfigurationDelegate : Bootstrapping Spring Data repositories in DEFAULT mode.
2019-01-19 18:33:16.150  INFO 48922 --- [    Test worker] .s.d.r.c.RepositoryConfigurationDelegate : Finished Spring Data repository scanning in 2ms. Found 0 repository interfaces.
2019-01-19 18:33:16.160  INFO 48922 --- [    Test worker] .s.d.r.c.RepositoryConfigurationDelegate : Multiple Spring Data modules found, entering strict repository configuration mode!
2019-01-19 18:33:16.161  INFO 48922 --- [    Test worker] .s.d.r.c.RepositoryConfigurationDelegate : Bootstrapping Spring Data repositories in DEFAULT mode.
2019-01-19 18:33:16.164  INFO 48922 --- [    Test worker] .s.d.r.c.RepositoryConfigurationDelegate : Finished Spring Data repository scanning in 3ms. Found 0 repository interfaces.
2019-01-19 18:33:17.370  INFO 48922 --- [    Test worker] trationDelegate$BeanPostProcessorChecker : Bean 'org.springframework.transaction.annotation.ProxyTransactionManagementConfiguration' of type [org.springframework.transaction.annotation.ProxyTransactionManagementConfiguration$$EnhancerBySpringCGLIB$$e632c7d7] is not eligible for getting processed by all BeanPostProcessors (for example: not eligible for auto-proxying)
2019-01-19 18:33:17.480  INFO 48922 --- [    Test worker] trationDelegate$BeanPostProcessorChecker : Bean 'org.springframework.hateoas.config.HateoasConfiguration' of type [org.springframework.hateoas.config.HateoasConfiguration$$EnhancerBySpringCGLIB$$65b31509] is not eligible for getting processed by all BeanPostProcessors (for example: not eligible for auto-proxying)
2019-01-19 18:33:18.013  INFO 48922 --- [    Test worker] com.zaxxer.hikari.HikariDataSource       : HikariPool-1 - Starting...
2019-01-19 18:33:18.299  INFO 48922 --- [    Test worker] com.zaxxer.hikari.HikariDataSource       : HikariPool-1 - Start completed.
2019-01-19 18:33:18.404  INFO 48922 --- [    Test worker] o.hibernate.jpa.internal.util.LogHelper  : HHH000204: Processing PersistenceUnitInfo [
	name: default
	...]
2019-01-19 18:33:18.508  INFO 48922 --- [    Test worker] org.hibernate.Version                    : HHH000412: Hibernate Core {5.3.7.Final}
2019-01-19 18:33:18.512  INFO 48922 --- [    Test worker] org.hibernate.cfg.Environment            : HHH000206: hibernate.properties not found
2019-01-19 18:33:18.730  INFO 48922 --- [    Test worker] o.hibernate.annotations.common.Version   : HCANN000001: Hibernate Commons Annotations {5.0.4.Final}
2019-01-19 18:33:18.928  INFO 48922 --- [    Test worker] org.hibernate.dialect.Dialect            : HHH000400: Using dialect: org.hibernate.dialect.MySQL5Dialect
2019-01-19 18:33:19.931 DEBUG 48922 --- [    Test worker] org.hibernate.SQL                        : 
    
    drop table if exists elements
2019-01-19 18:33:19.962 DEBUG 48922 --- [    Test worker] org.hibernate.SQL                        : 
    
    drop table if exists hibernate_sequence
2019-01-19 18:33:19.963 DEBUG 48922 --- [    Test worker] org.hibernate.SQL                        : 
    
    drop table if exists pages
2019-01-19 18:33:19.965 DEBUG 48922 --- [    Test worker] org.hibernate.SQL                        : 
    
    drop table if exists users
2019-01-19 18:33:19.971 DEBUG 48922 --- [    Test worker] org.hibernate.SQL                        : 
    
    create table elements (
       id integer not null,
        attribute_name varchar(255),
        element_id integer,
        page_id integer,
        value varchar(255),
        primary key (id)
    ) engine=MyISAM
2019-01-19 18:33:19.981 DEBUG 48922 --- [    Test worker] org.hibernate.SQL                        : 
    
    create table hibernate_sequence (
       next_val bigint
    ) engine=MyISAM
2019-01-19 18:33:19.999 DEBUG 48922 --- [    Test worker] org.hibernate.SQL                        : 
    
    insert into hibernate_sequence values ( 1 )
2019-01-19 18:33:20.001 DEBUG 48922 --- [    Test worker] org.hibernate.SQL                        : 
    
    insert into hibernate_sequence values ( 1 )
2019-01-19 18:33:20.002 DEBUG 48922 --- [    Test worker] org.hibernate.SQL                        : 
    
    insert into hibernate_sequence values ( 1 )
2019-01-19 18:33:20.004 DEBUG 48922 --- [    Test worker] org.hibernate.SQL                        : 
    
    create table pages (
       id integer not null,
        page_id integer,
        primary key (id)
    ) engine=MyISAM
2019-01-19 18:33:20.013 DEBUG 48922 --- [    Test worker] org.hibernate.SQL                        : 
    
    create table users (
       id integer not null,
        email varchar(255),
        hash varchar(255),
        username varchar(255),
        primary key (id)
    ) engine=MyISAM
2019-01-19 18:33:20.030  INFO 48922 --- [    Test worker] o.h.t.schema.internal.SchemaCreatorImpl  : HHH000476: Executing import script 'org.hibernate.tool.schema.internal.exec.ScriptSourceInputNonExistentImpl@182b9616'
2019-01-19 18:33:20.035  INFO 48922 --- [    Test worker] j.LocalContainerEntityManagerFactoryBean : Initialized JPA EntityManagerFactory for persistence unit 'default'
2019-01-19 18:33:22.136  INFO 48922 --- [    Test worker] o.s.s.concurrent.ThreadPoolTaskExecutor  : Initializing ExecutorService 'applicationTaskExecutor'
2019-01-19 18:33:23.631  INFO 48922 --- [       Thread-8] o.s.b.a.mongo.embedded.EmbeddedMongo     : note: noprealloc may hurt performance in many applications
2019-01-19 18:33:23.645  INFO 48922 --- [       Thread-8] o.s.b.a.mongo.embedded.EmbeddedMongo     : 2019-01-19T18:33:23.643+0100 I CONTROL  [initandlisten] MongoDB starting : pid=48941 port=58124 dbpath=/var/folders/51/bfgrc3857cz1czsv73r849fh0000gn/T/embedmongo-db-ac50c6da-d505-4efc-a363-c61a84c15810 64-bit host=MacBook-Air-77.home
2019-01-19 18:33:23.646  INFO 48922 --- [       Thread-8] o.s.b.a.mongo.embedded.EmbeddedMongo     : 2019-01-19T18:33:23.645+0100 I CONTROL  [initandlisten] db version v3.5.5
2019-01-19 18:33:23.646  INFO 48922 --- [       Thread-8] o.s.b.a.mongo.embedded.EmbeddedMongo     : 2019-01-19T18:33:23.645+0100 I CONTROL  [initandlisten] git version: 98515c812b6fa893613f063dae568ff8319cbfbd
2019-01-19 18:33:23.647  INFO 48922 --- [       Thread-8] o.s.b.a.mongo.embedded.EmbeddedMongo     : 2019-01-19T18:33:23.645+0100 I CONTROL  [initandlisten] allocator: system
2019-01-19 18:33:23.648  INFO 48922 --- [       Thread-8] o.s.b.a.mongo.embedded.EmbeddedMongo     : 2019-01-19T18:33:23.645+0100 I CONTROL  [initandlisten] modules: none
2019-01-19 18:33:23.648  INFO 48922 --- [       Thread-8] o.s.b.a.mongo.embedded.EmbeddedMongo     : 2019-01-19T18:33:23.648+0100 I CONTROL  [initandlisten] build environment:
2019-01-19 18:33:23.649  INFO 48922 --- [       Thread-8] o.s.b.a.mongo.embedded.EmbeddedMongo     : 2019-01-19T18:33:23.648+0100 I CONTROL  [initandlisten]     distarch: x86_64
2019-01-19 18:33:23.649  INFO 48922 --- [       Thread-8] o.s.b.a.mongo.embedded.EmbeddedMongo     : 2019-01-19T18:33:23.648+0100 I CONTROL  [initandlisten]     target_arch: x86_64
2019-01-19 18:33:23.650  INFO 48922 --- [       Thread-8] o.s.b.a.mongo.embedded.EmbeddedMongo     : 2019-01-19T18:33:23.648+0100 I CONTROL  [initandlisten] options: { net: { bindIp: "127.0.0.1", http: { enabled: false }, port: 58124 }, security: { authorization: "disabled" }, storage: { dbPath: "/var/folders/51/bfgrc3857cz1czsv73r849fh0000gn/T/embedmongo-db-ac50c6da-d505-4efc-a363-c61a84c15810", journal: { enabled: false }, mmapv1: { preallocDataFiles: false, smallFiles: true }, syncPeriodSecs: 0.0 } }
2019-01-19 18:33:23.650  INFO 48922 --- [       Thread-8] o.s.b.a.mongo.embedded.EmbeddedMongo     : 2019-01-19T18:33:23.650+0100 I STORAGE  [initandlisten] wiredtiger_open config: create,cache_size=3584M,session_max=20000,eviction=(threads_min=4,threads_max=4),config_base=false,statistics=(fast),log=(enabled=true,archive=true,path=journal,compressor=snappy),file_manager=(close_idle_time=100000),checkpoint=(wait=0,log_size=2GB),statistics_log=(wait=0),verbose=(recovery_progress),,log=(enabled=false),
2019-01-19 18:33:24.323  INFO 48922 --- [       Thread-8] o.s.b.a.mongo.embedded.EmbeddedMongo     : 2019-01-19T18:33:24.323+0100 W STORAGE  [initandlisten] Detected configuration for non-active storage engine mmapv1 when current storage engine is wiredTiger
2019-01-19 18:33:24.324  INFO 48922 --- [       Thread-8] o.s.b.a.mongo.embedded.EmbeddedMongo     : 2019-01-19T18:33:24.323+0100 I CONTROL  [initandlisten] 
2019-01-19 18:33:24.324  INFO 48922 --- [       Thread-8] o.s.b.a.mongo.embedded.EmbeddedMongo     : 2019-01-19T18:33:24.323+0100 I CONTROL  [initandlisten] ** NOTE: This is a development version (3.5.5) of MongoDB.
2019-01-19 18:33:24.325  INFO 48922 --- [       Thread-8] o.s.b.a.mongo.embedded.EmbeddedMongo     : 2019-01-19T18:33:24.323+0100 I CONTROL  [initandlisten] **       Not recommended for production.
2019-01-19 18:33:24.325  INFO 48922 --- [       Thread-8] o.s.b.a.mongo.embedded.EmbeddedMongo     : 2019-01-19T18:33:24.323+0100 I CONTROL  [initandlisten] 
2019-01-19 18:33:24.528  INFO 48922 --- [       Thread-8] o.s.b.a.mongo.embedded.EmbeddedMongo     : 2019-01-19T18:33:24.528+0100 I FTDC     [initandlisten] Initializing full-time diagnostic data capture with directory '/var/folders/51/bfgrc3857cz1czsv73r849fh0000gn/T/embedmongo-db-ac50c6da-d505-4efc-a363-c61a84c15810/diagnostic.data'
2019-01-19 18:33:24.801  INFO 48922 --- [       Thread-8] o.s.b.a.mongo.embedded.EmbeddedMongo     : 2019-01-19T18:33:24.801+0100 I INDEX    [initandlisten] build index on: admin.system.version properties: { v: 2, key: { version: 1 }, name: "incompatible_with_version_32", ns: "admin.system.version" }
2019-01-19 18:33:24.803  INFO 48922 --- [       Thread-8] o.s.b.a.mongo.embedded.EmbeddedMongo     : 2019-01-19T18:33:24.801+0100 I INDEX    [initandlisten] 	 building index using bulk method; build may temporarily use up to 500 megabytes of RAM
2019-01-19 18:33:24.822  INFO 48922 --- [       Thread-8] o.s.b.a.mongo.embedded.EmbeddedMongo     : 2019-01-19T18:33:24.821+0100 I INDEX    [initandlisten] build index done.  scanned 0 total records. 0 secs
2019-01-19 18:33:24.822  INFO 48922 --- [       Thread-8] o.s.b.a.mongo.embedded.EmbeddedMongo     : 2019-01-19T18:33:24.822+0100 I COMMAND  [initandlisten] setting featureCompatibilityVersion to 3.4
2019-01-19 18:33:24.823  INFO 48922 --- [       Thread-8] o.s.b.a.mongo.embedded.EmbeddedMongo     : 2019-01-19T18:33:24.823+0100 I NETWORK  [thread1] waiting for connections on port 58124
2019-01-19 18:33:24.824  INFO 48922 --- [    Test worker] d.f.embed.mongo.MongodExecutable         : start de.flapdoodle.embed.mongo.config.MongodConfigBuilder$ImmutableMongodConfig@df6798d
2019-01-19 18:33:25.449  INFO 48922 --- [    Test worker] org.mongodb.driver.cluster               : Cluster created with settings {hosts=[localhost:58124], mode=MULTIPLE, requiredClusterType=UNKNOWN, serverSelectionTimeout='30000 ms', maxWaitQueueSize=500}
2019-01-19 18:33:25.453  INFO 48922 --- [    Test worker] org.mongodb.driver.cluster               : Adding discovered server localhost:58124 to client view of cluster
2019-01-19 18:33:25.512  INFO 48922 --- [       Thread-8] o.s.b.a.mongo.embedded.EmbeddedMongo     : 2019-01-19T18:33:25.512+0100 I NETWORK  [thread1] connection accepted from 127.0.0.1:58132 #1 (1 connection now open)
2019-01-19 18:33:25.526  INFO 48922 --- [       Thread-8] o.s.b.a.mongo.embedded.EmbeddedMongo     : 2019-01-19T18:33:25.526+0100 I NETWORK  [conn1] received client metadata from 127.0.0.1:58132 conn1: { driver: { name: "mongo-java-driver", version: "3.8.2" }, os: { type: "Darwin", name: "Mac OS X", architecture: "x86_64", version: "10.14.2" }, platform: "Java/Oracle Corporation/1.8.0_131-b11" }
2019-01-19 18:33:25.566  INFO 48922 --- [localhost:58124] org.mongodb.driver.connection            : Opened connection [connectionId{localValue:1, serverValue:1}] to localhost:58124
2019-01-19 18:33:25.570  INFO 48922 --- [localhost:58124] org.mongodb.driver.cluster               : Monitor thread successfully connected to server with description ServerDescription{address=localhost:58124, type=STANDALONE, state=CONNECTED, ok=true, version=ServerVersion{versionList=[3, 5, 5]}, minWireVersion=0, maxWireVersion=5, maxDocumentSize=16777216, logicalSessionTimeoutMinutes=null, roundTripTimeNanos=1675508}
2019-01-19 18:33:25.572  INFO 48922 --- [localhost:58124] org.mongodb.driver.cluster               : Discovered cluster type of STANDALONE
2019-01-19 18:33:26.132  INFO 48922 --- [    Test worker] org.mongodb.driver.cluster               : Cluster created with settings {hosts=[localhost:58124], mode=SINGLE, requiredClusterType=UNKNOWN, serverSelectionTimeout='30000 ms', maxWaitQueueSize=500}
2019-01-19 18:33:26.235  INFO 48922 --- [       Thread-8] o.s.b.a.mongo.embedded.EmbeddedMongo     : 2019-01-19T18:33:26.235+0100 I NETWORK  [thread1] connection accepted from 127.0.0.1:58133 #2 (2 connections now open)
2019-01-19 18:33:26.312  INFO 48922 --- [       Thread-8] o.s.b.a.mongo.embedded.EmbeddedMongo     : 2019-01-19T18:33:26.312+0100 I NETWORK  [conn2] received client metadata from 127.0.0.1:58133 conn2: { driver: { name: "mongo-java-driver|mongo-java-driver-reactivestreams", version: "3.8.2|1.9.2" }, os: { type: "Darwin", name: "Mac OS X", architecture: "x86_64", version: "10.14.2" }, platform: "Java/Oracle Corporation/1.8.0_131-b11" }
2019-01-19 18:33:26.349  INFO 48922 --- [localhost:58124] org.mongodb.driver.connection            : Opened connection [connectionId{localValue:2, serverValue:2}] to localhost:58124
2019-01-19 18:33:26.353  INFO 48922 --- [localhost:58124] org.mongodb.driver.cluster               : Monitor thread successfully connected to server with description ServerDescription{address=localhost:58124, type=STANDALONE, state=CONNECTED, ok=true, version=ServerVersion{versionList=[3, 5, 5]}, minWireVersion=0, maxWireVersion=5, maxDocumentSize=16777216, logicalSessionTimeoutMinutes=null, roundTripTimeNanos=3438157}
2019-01-19 18:33:27.838  INFO 48922 --- [    Test worker] o.s.b.a.e.web.EndpointLinksResolver      : Exposing 16 endpoint(s) beneath base path '/manage'
2019-01-19 18:33:28.002  INFO 48922 --- [    Test worker] es.santalucia.api.ApiApplicationTests    : Started ApiApplicationTests in 15.32 seconds (JVM running for 18.225)
]]></system-out>
  <system-err><![CDATA[]]></system-err>
</testsuite>
